<?xml version="1.0" encoding="utf-8"?><testsuites name="pytest tests"><testsuite name="pytest" errors="0" failures="0" skipped="0" tests="16" time="5.400" timestamp="2026-07-26T18:08:09.420184+00:00" hostname="agent-env-65f77cae-9805-4821-b178-bed98ed14011"><testcase classname="backend.tests.test_lot3.TestAdminSettings" name="test_get_settings" time="0.629" /><testcase classname="backend.tests.test_lot3.TestAdminSettings" name="test_update_settings_persists" time="0.392" /><testcase classname="backend.tests.test_lot3.TestXmlFeeds" name="test_create_feed_with_new_partner" time="0.126" /><testcase classname="backend.tests.test_lot3.TestXmlFeeds" name="test_list_feeds_shows_created" time="0.163" /><testcase classname="backend.tests.test_lot3.TestXmlFeeds" name="test_create_feed_with_existing_partner" time="0.246" /><testcase classname="backend.tests.test_lot3.TestXmlFeeds" name="test_import_feed_returns_result" time="0.346" /><testcase classname="backend.tests.test_lot3.TestXmlFeeds" name="test_delete_feed" time="0.244" /><testcase classname="backend.tests.test_lot3.TestAdminAlerts" name="test_list_alerts" time="0.633" /><testcase classname="backend.tests.test_lot3.TestAdminAlerts" name="test_filter_active" time="0.122" /><testcase classname="backend.tests.test_lot3.TestAdminAlerts" name="test_toggle_alert" time="0.242" /><testcase classname="backend.tests.test_lot3.TestAdminAlerts" name="test_delete_alert" time="0.392" /><testcase classname="backend.tests.test_lot3.TestPartnerCampaigns" name="test_create_per_click_campaign" time="0.478" /><testcase classname="backend.tests.test_lot3.TestPartnerCampaigns" name="test_create_per_posting_uses_settings_validity" time="0.583" /><testcase classname="backend.tests.test_lot3.TestPartnerCampaigns" name="test_list_campaigns" time="0.124" /><testcase classname="backend.tests.test_lot3.TestPartnerCampaigns" name="test_toggle_campaign_status" time="0.263" /><testcase classname="backend.tests.test_lot3.TestPartnerCampaigns" name="test_delete_campaigns" time="0.284" /></testsuite></testsuites>