<?xml version="1.0" encoding="utf-8"?><testsuites name="pytest tests"><testsuite name="pytest" errors="0" failures="0" skipped="0" tests="9" time="4.218" timestamp="2026-07-26T22:30:39.248518+00:00" hostname="agent-env-65f77cae-9805-4821-b178-bed98ed14011"><testcase classname="backend.tests.test_lot4_partial.TestGeoDetect" name="test_detect_returns_json_shape" time="0.478" /><testcase classname="backend.tests.test_lot4_partial.TestRadiusSearch" name="test_lyon_radius_10_all_dept_69" time="0.618" /><testcase classname="backend.tests.test_lot4_partial.TestRadiusSearch" name="test_radius_5_smaller_than_100" time="0.608" /><testcase classname="backend.tests.test_lot4_partial.TestImpressions" name="test_impressions_recorded_only_for_partner_jobs" time="0.422" /><testcase classname="backend.tests.test_lot4_partial.TestImpressions" name="test_empty_payload" time="0.119" /><testcase classname="backend.tests.test_lot4_partial.TestImpressions" name="test_partner_performance_has_impressions" time="0.486" /><testcase classname="backend.tests.test_lot4_partial.TestProvenance" name="test_register_with_provenance" time="0.351" /><testcase classname="backend.tests.test_lot4_partial.TestProvenance" name="test_admin_sees_provenance" time="0.475" /><testcase classname="backend.tests.test_lot4_partial.TestProvenance" name="test_cleanup" time="0.473" /></testsuite></testsuites>