<?xml version="1.0" encoding="utf-8"?><testsuites name="pytest tests"><testsuite name="pytest" errors="0" failures="2" skipped="0" tests="13" time="9.231" timestamp="2026-07-26T21:48:41.474615+00:00" hostname="agent-env-65f77cae-9805-4821-b178-bed98ed14011"><testcase classname="backend.tests.test_lot4.TestGeoHierarchy" name="test_loire_returns_only_department_42" time="0.999"><failure message="AssertionError: Loire returned a job outside dept 42: postcode=49140, jobs=['SAINT CHAMOND (42400)', 'Andrézieux Bouthéon (42160)', 'Saint-Martin-La-Plaine (42800)', 'SAINT ETIENNE (42000)', 'Bonson (42160)', 'SAINT ETIENNE (42000)', 'ROANNE (42300)', 'saint etienne (42000)', 'Saint Galmier (42330)', 'Saint bonnet le Chateau (42380)', 'Saint-Etienne (42100)', 'Pelussin (42410)', 'Saint Etienne (42000)', 'Saint Etienne (42000)', 'Andrézieux-Bouthéon (42160)', 'La Fouillouse (42480)', 'ANDREZIEUX-BOUTHEON (42340)', 'Chavanay (42410)', 'Saint-Priest-en-Jarez (42270)', 'SEICHES SUR LE LOIRE (49140)', 'Saint-Etienne (42000)', 'Monistrol-Sur-Loire (43120)', 'Andrézieux-Bouthéon, (42160)', 'Bonson (42160)', 'Andrézieux-Bouthéon (42160)', 'Saint-Etienne (42000)', 'Andrézieux-Bouthéon (42600)', 'Andrézieux-Bouthéon (42680)', 'SAINT MARTIN LA PLAINE (42800)', 'Andrézieux-Bouthéon (42680)', 'Saint-Etienne (42000)', 'Saint-Martin-La-Plaine (42800)', 'Andrézieux-Bouthéon (42160)', 'Andrézieux-Bouthéon (42160)', 'veauche (42160)', 'Pélussin (42410)', 'Saint-Etienne (42100)', 'Saint-Martin-La-Plaine (42800)', 'veauche (42340)', 'saint just saint rambert (42170)', 'SAINT ETIENNE (42000)', 'SAINT JUST SAINT RAMBERT (42170)', 'Monistrol-Sur-Loire (43120)', 'Chavanay (42410)', 'Andrézieux-Bouthéon (42680)', 'Neulise (42590)', 'Saint-Priest-En-Jarez (42270)', 'Andrézieux-Bouthéon (42680)', 'Andrézieux-Bouthéon (42680)']&#10;assert False&#10; +  where False = &lt;built-in method startswith of str object at 0xf812a63370b0&gt;('42')&#10; +    where &lt;built-in method startswith of str object at 0xf812a63370b0&gt; = '49140'.startswith">backend/tests/test_lot4.py:47: in test_loire_returns_only_department_42
    assert pc.startswith("42"), f"Loire returned a job outside dept 42: postcode={pc}, jobs={[j.get('location') for j in jobs]}"
E   AssertionError: Loire returned a job outside dept 42: postcode=49140, jobs=['SAINT CHAMOND (42400)', 'Andrézieux Bouthéon (42160)', 'Saint-Martin-La-Plaine (42800)', 'SAINT ETIENNE (42000)', 'Bonson (42160)', 'SAINT ETIENNE (42000)', 'ROANNE (42300)', 'saint etienne (42000)', 'Saint Galmier (42330)', 'Saint bonnet le Chateau (42380)', 'Saint-Etienne (42100)', 'Pelussin (42410)', 'Saint Etienne (42000)', 'Saint Etienne (42000)', 'Andrézieux-Bouthéon (42160)', 'La Fouillouse (42480)', 'ANDREZIEUX-BOUTHEON (42340)', 'Chavanay (42410)', 'Saint-Priest-en-Jarez (42270)', 'SEICHES SUR LE LOIRE (49140)', 'Saint-Etienne (42000)', 'Monistrol-Sur-Loire (43120)', 'Andrézieux-Bouthéon, (42160)', 'Bonson (42160)', 'Andrézieux-Bouthéon (42160)', 'Saint-Etienne (42000)', 'Andrézieux-Bouthéon (42600)', 'Andrézieux-Bouthéon (42680)', 'SAINT MARTIN LA PLAINE (42800)', 'Andrézieux-Bouthéon (42680)', 'Saint-Etienne (42000)', 'Saint-Martin-La-Plaine (42800)', 'Andrézieux-Bouthéon (42160)', 'Andrézieux-Bouthéon (42160)', 'veauche (42160)', 'Pélussin (42410)', 'Saint-Etienne (42100)', 'Saint-Martin-La-Plaine (42800)', 'veauche (42340)', 'saint just saint rambert (42170)', 'SAINT ETIENNE (42000)', 'SAINT JUST SAINT RAMBERT (42170)', 'Monistrol-Sur-Loire (43120)', 'Chavanay (42410)', 'Andrézieux-Bouthéon (42680)', 'Neulise (42590)', 'Saint-Priest-En-Jarez (42270)', 'Andrézieux-Bouthéon (42680)', 'Andrézieux-Bouthéon (42680)']
E   assert False
E    +  where False = &lt;built-in method startswith of str object at 0xf812a63370b0&gt;('42')
E    +    where &lt;built-in method startswith of str object at 0xf812a63370b0&gt; = '49140'.startswith</failure></testcase><testcase classname="backend.tests.test_lot4.TestGeoHierarchy" name="test_rhone_returns_only_department_69" time="0.733"><failure message="AssertionError: Rhône returned postcode outside 69: 38370&#10;assert False&#10; +  where False = &lt;built-in method startswith of str object at 0xf812a5cbbc70&gt;('69')&#10; +    where &lt;built-in method startswith of str object at 0xf812a5cbbc70&gt; = '38370'.startswith">backend/tests/test_lot4.py:54: in test_rhone_returns_only_department_69
    assert pc.startswith("69"), f"Rhône returned postcode outside 69: {pc}"
E   AssertionError: Rhône returned postcode outside 69: 38370
E   assert False
E    +  where False = &lt;built-in method startswith of str object at 0xf812a5cbbc70&gt;('69')
E    +    where &lt;built-in method startswith of str object at 0xf812a5cbbc70&gt; = '38370'.startswith</failure></testcase><testcase classname="backend.tests.test_lot4.TestGeoHierarchy" name="test_region_pays_de_la_loire" time="1.066" /><testcase classname="backend.tests.test_lot4.TestGeoHierarchy" name="test_paris_city_still_works" time="0.699" /><testcase classname="backend.tests.test_lot4.TestPartnerSelfReg" name="test_register_partner_returns_pending" time="0.567" /><testcase classname="backend.tests.test_lot4.TestPartnerSelfReg" name="test_login_pending_returns_403" time="0.390" /><testcase classname="backend.tests.test_lot4.TestPartnerSelfReg" name="test_admin_activate_then_login_succeeds" time="0.968" /><testcase classname="backend.tests.test_lot4.TestCampaignsXMLAndCascade" name="test_create_without_xml_returns_400" time="0.478" /><testcase classname="backend.tests.test_lot4.TestCampaignsXMLAndCascade" name="test_create_with_xml_ok" time="0.470" /><testcase classname="backend.tests.test_lot4.TestCampaignsXMLAndCascade" name="test_campaign_jobs_endpoint" time="0.487" /><testcase classname="backend.tests.test_lot4.TestCampaignsXMLAndCascade" name="test_cascade_delete_removes_campaign_jobs" time="0.606" /><testcase classname="backend.tests.test_lot4.TestPartnerLogo" name="test_upload_logo_and_public_serve" time="1.458" /><testcase classname="backend.tests.test_lot4.TestSuggest" name="test_suggest_location" time="0.139" /></testsuite></testsuites>