<?xml version="1.0" encoding="utf-8"?><testsuites name="pytest tests"><testsuite name="pytest" errors="0" failures="1" skipped="0" tests="8" time="4.134" timestamp="2026-07-27T17:47:16.579967+00:00" hostname="agent-env-65f77cae-9805-4821-b178-bed98ed14011"><testcase classname="backend.tests.test_lot5.TestGeoAutocomplete" name="test_bre_returns_bretagne_and_brest" time="1.242" /><testcase classname="backend.tests.test_lot5.TestGeoAutocomplete" name="test_short_query_returns_empty_or_ok" time="0.150" /><testcase classname="backend.tests.test_lot5.TestGeoAutocomplete" name="test_paris_returns_city" time="0.810" /><testcase classname="backend.tests.test_lot5.TestEmployerJobsMine" name="test_jobs_mine_requires_employer" time="0.200" /><testcase classname="backend.tests.test_lot5.TestEmployerJobsMine" name="test_jobs_mine_returns_owner_jobs_incl_inactive" time="0.590" /><testcase classname="backend.tests.test_lot5.TestEmployerJobsMine" name="test_toggle_flips_is_active" time="0.432" /><testcase classname="backend.tests.test_lot5.TestEmployerJobsMine" name="test_put_job_updates_title" time="0.417" /><testcase classname="backend.tests.test_lot5.TestEmployerJobsMine" name="test_create_then_hard_delete" time="0.126"><failure message="assert None">backend/tests/test_lot5.py:112: in test_create_then_hard_delete
    assert cid
E   assert None</failure></testcase></testsuite></testsuites>