<?xml version="1.0" encoding="utf-8"?><testsuites name="pytest tests"><testsuite name="pytest" errors="0" failures="1" skipped="0" tests="22" time="17.351" timestamp="2026-08-25T14:17:51.274122+00:00" hostname="agent-env-60f62afc-29f6-4732-8eb2-ea7db20e0941"><testcase classname="tests.test_lot6_ai_messaging_analytics.TestAIRecommendations" name="test_recommendations_candidate" time="6.378" /><testcase classname="tests.test_lot6_ai_messaging_analytics.TestMessaging" name="test_can_contact_allowed" time="5.036" /><testcase classname="tests.test_lot6_ai_messaging_analytics.TestMessaging" name="test_candidate_sends_and_employer_reads" time="2.095" /><testcase classname="tests.test_lot6_ai_messaging_analytics.TestAIRecommendations" name="test_recommendations_are_ai_scored_and_relevant" time="1.334"><failure message="AssertionError: AI ranking produced no result (ai=False) -&gt; recommendations returned without score/reason. Titles: ['Carrossier automobile', 'Mécanicien automobile confirmé', 'Assistante Garage Automobile', 'Conseillère  beauté vente directe e-boutique', 'Conseillère  beauté vente directe e-boutique']&#10;assert False is True">tests/test_lot6_ai_messaging_analytics.py:91: in test_recommendations_are_ai_scored_and_relevant
    assert d["ai"] is True, (
E   AssertionError: AI ranking produced no result (ai=False) -&gt; recommendations returned without score/reason. Titles: ['Carrossier automobile', 'Mécanicien automobile confirmé', 'Assistante Garage Automobile', 'Conseillère  beauté vente directe e-boutique', 'Conseillère  beauté vente directe e-boutique']
E   assert False is True</failure></testcase><testcase classname="tests.test_lot6_ai_messaging_analytics.TestMessaging" name="test_empty_message_rejected" time="0.198" /><testcase classname="tests.test_lot6_ai_messaging_analytics.TestMessaging" name="test_unrelated_user_forbidden" time="0.509" /><testcase classname="tests.test_lot6_ai_messaging_analytics.TestMessaging" name="test_self_message_forbidden" time="0.272" /><testcase classname="tests.test_lot6_ai_messaging_analytics.TestAIRecommendations" name="test_recommendations_forbidden_for_employer" time="0.544" /><testcase classname="tests.test_lot6_ai_messaging_analytics.TestMessaging" name="test_nonexistent_recipient" time="0.220" /><testcase classname="tests.test_lot6_ai_messaging_analytics.TestAIRecommendations" name="test_recommendations_requires_auth" time="0.139" /><testcase classname="tests.test_lot6_ai_messaging_analytics.TestMessaging" name="test_messages_require_auth" time="0.145" /><testcase classname="tests.test_lot6_ai_messaging_analytics.TestAIMatchJob" name="test_match_job" time="7.603" /><testcase classname="tests.test_lot6_ai_messaging_analytics.TestAIMatchApplication" name="test_match_application" time="8.100" /><testcase classname="tests.test_lot6_ai_messaging_analytics.TestAIMatchJob" name="test_match_job_404" time="0.258" /><testcase classname="tests.test_lot6_ai_messaging_analytics.TestAIMatchJob" name="test_match_job_forbidden_for_employer" time="0.133" /><testcase classname="tests.test_lot6_ai_messaging_analytics.TestRecruiterAnalytics" name="test_analytics" time="0.220" /><testcase classname="tests.test_lot6_ai_messaging_analytics.TestAIMatchApplication" name="test_match_application_forbidden_for_candidate" time="0.209" /><testcase classname="tests.test_lot6_ai_messaging_analytics.TestRecruiterAnalytics" name="test_analytics_forbidden_for_candidate" time="0.199" /><testcase classname="tests.test_lot6_ai_messaging_analytics.TestAIMatchApplication" name="test_match_application_404" time="0.205" /><testcase classname="tests.test_lot6_ai_messaging_analytics.TestRecruiterAnalytics" name="test_analytics_requires_auth" time="0.205" /><testcase classname="tests.test_lot6_ai_messaging_analytics.TestAuthSmoke" name="test_candidate_login" time="0.000" /><testcase classname="tests.test_lot6_ai_messaging_analytics.TestAuthSmoke" name="test_employer_login" time="0.000" /></testsuite></testsuites>