<?xml version="1.0" encoding="utf-8"?><testsuites name="pytest tests"><testsuite name="pytest" errors="0" failures="3" skipped="0" tests="13" time="3.637" timestamp="2026-07-23T14:43:40.351756+00:00" hostname="agent-env-65f77cae-9805-4821-b178-bed98ed14011"><testcase classname="backend.tests.backend_test.TestAuth" name="test_login_returns_token" time="0.498" /><testcase classname="backend.tests.backend_test.TestAuth" name="test_get_me" time="0.139" /><testcase classname="backend.tests.backend_test.TestAuth" name="test_put_me_updates_profile" time="0.330" /><testcase classname="backend.tests.backend_test.TestAuth" name="test_google_session_invalid_returns_401" time="0.284" /><testcase classname="backend.tests.backend_test.TestAlerts" name="test_create_alert" time="0.149" /><testcase classname="backend.tests.backend_test.TestAlerts" name="test_list_alerts" time="0.128" /><testcase classname="backend.tests.backend_test.TestAlerts" name="test_update_alert" time="0.148" /><testcase classname="backend.tests.backend_test.TestAlerts" name="test_send_now_returns_count" time="0.165" /><testcase classname="backend.tests.backend_test.TestAlerts" name="test_delete_alert" time="0.639" /><testcase classname="backend.tests.backend_test.TestEmployerFlow" name="test_create_company" time="0.539" /><testcase classname="backend.tests.backend_test.TestEmployerFlow" name="test_create_job" time="0.121"><failure message="AssertionError: {&quot;detail&quot;:[{&quot;type&quot;:&quot;enum&quot;,&quot;loc&quot;:[&quot;body&quot;,&quot;job_type&quot;],&quot;msg&quot;:&quot;Input should be 'CDI', 'CDD', 'Stage', 'Freelance', 'Intérim' or 'Titulaire'&quot;,&quot;input&quot;:&quot;full-time&quot;,&quot;ctx&quot;:{&quot;expected&quot;:&quot;'CDI', 'CDD', 'Stage', 'Freelance', 'Intérim' or 'Titulaire'&quot;},&quot;url&quot;:&quot;https://errors.pydantic.dev/2.13/v/enum&quot;}]}&#10;assert 422 == 200&#10; +  where 422 = &lt;Response [422]&gt;.status_code">backend/tests/backend_test.py:166: in test_create_job
    assert r.status_code == 200, r.text
E   AssertionError: {"detail":[{"type":"enum","loc":["body","job_type"],"msg":"Input should be 'CDI', 'CDD', 'Stage', 'Freelance', 'Intérim' or 'Titulaire'","input":"full-time","ctx":{"expected":"'CDI', 'CDD', 'Stage', 'Freelance', 'Intérim' or 'Titulaire'"},"url":"https://errors.pydantic.dev/2.13/v/enum"}]}
E   assert 422 == 200
E    +  where 422 = &lt;Response [422]&gt;.status_code</failure></testcase><testcase classname="backend.tests.backend_test.TestEmployerFlow" name="test_list_company_jobs" time="0.129"><failure message="assert False&#10; +  where False = any(&lt;generator object TestEmployerFlow.test_list_company_jobs.&lt;locals&gt;.&lt;genexpr&gt; at 0xfe6b896b2e90&gt;)">backend/tests/backend_test.py:174: in test_list_company_jobs
    assert any(j["id"] == TestEmployerFlow._job_id for j in jobs)
E   assert False
E    +  where False = any(&lt;generator object TestEmployerFlow.test_list_company_jobs.&lt;locals&gt;.&lt;genexpr&gt; at 0xfe6b896b2e90&gt;)</failure></testcase><testcase classname="backend.tests.backend_test.TestEmployerFlow" name="test_delete_job" time="0.141"><failure message="assert 404 == 200&#10; +  where 404 = &lt;Response [404]&gt;.status_code">backend/tests/backend_test.py:179: in test_delete_job
    assert r.status_code == 200
E   assert 404 == 200
E    +  where 404 = &lt;Response [404]&gt;.status_code</failure></testcase></testsuite></testsuites>