<?xml version="1.0" encoding="utf-8"?><testsuites name="pytest tests"><testsuite name="pytest" errors="0" failures="0" skipped="0" tests="15" time="9.869" timestamp="2026-08-20T13:35:37.356476+00:00" hostname="agent-env-82888668-1f53-48f6-b409-62f7ff703bc4"><testcase classname="tests.test_recruiter.TestRecruiterPacks" name="test_packs_public" time="0.380" /><testcase classname="tests.test_recruiter.TestRecruiterQuote" name="test_quote_success_and_persistence" time="1.452" /><testcase classname="tests.test_recruiter.TestRecruiterQuote" name="test_quote_minimal_fields" time="1.676" /><testcase classname="tests.test_recruiter.TestRecruiterQuote" name="test_quote_invalid_email" time="0.053" /><testcase classname="tests.test_recruiter.TestRecruiterQuote" name="test_quote_missing_fields" time="0.035" /><testcase classname="tests.test_recruiter.TestRecruiterQuote" name="test_quotes_list_requires_admin" time="0.590" /><testcase classname="tests.test_recruiter.TestRecruiterQuote" name="test_quotes_list_requires_auth" time="0.161" /><testcase classname="tests.test_recruiter.TestRecruiterCheckout" name="test_checkout_requires_auth" time="0.233" /><testcase classname="tests.test_recruiter.TestRecruiterCheckout" name="test_checkout_rejects_candidate" time="0.739" /><testcase classname="tests.test_recruiter.TestRecruiterCheckout" name="test_checkout_invalid_pack" time="0.207" /><testcase classname="tests.test_recruiter.TestRecruiterCheckout" name="test_checkout_returns_stripe_url[premium_1]" time="1.027" /><testcase classname="tests.test_recruiter.TestRecruiterCheckout" name="test_checkout_returns_stripe_url[premium_3]" time="0.529" /><testcase classname="tests.test_recruiter.TestRecruiterCheckout" name="test_checkout_returns_stripe_url[premium_5]" time="0.624" /><testcase classname="tests.test_recruiter.TestRecruiterCheckout" name="test_payment_status_after_checkout" time="1.040" /><testcase classname="tests.test_recruiter.TestPartnerTopupRegression" name="test_partner_topup_creates_stripe_session_as_admin" time="0.804" /></testsuite></testsuites>